<?xml version="1.0" encoding="UTF-8"?>
<!-- Generated by org.testng.reporters.JUnitReportReporter -->
<testsuite hostname="Shahbaz" failures="0" tests="1" name="Ezeas.Tests.ResetPassword" time="66.487" errors="0" timestamp="2025-06-23T12:28:13 IST" skipped="0">
  <testcase classname="Ezeas.Tests.ResetPassword" name="requestResetPassword" time="66.487"/>
</testsuite> <!-- Ezeas.Tests.ResetPassword -->
