<?xml version="1.0" encoding="UTF-8"?>
<!-- Generated by org.testng.reporters.JUnitReportReporter -->
<testsuite hostname="Shahbaz" failures="0" tests="1" name="Ezeas.Tests.AddNewIncident" time="39.578" errors="0" timestamp="2025-05-16T14:00:00 IST" skipped="0">
  <testcase classname="Ezeas.Tests.AddNewIncident" name="addIncident" time="39.578"/>
</testsuite> <!-- Ezeas.Tests.AddNewIncident -->
