<?xml version="1.0" encoding="UTF-8"?>
<!-- Generated by org.testng.reporters.JUnitReportReporter -->
<testsuite hostname="Shahbaz" failures="0" tests="1" name="Ezeas.Tests.NewEmployerRegistration" time="41.647" errors="0" timestamp="2025-04-29T18:05:15 IST" skipped="0">
  <testcase classname="Ezeas.Tests.NewEmployerRegistration" name="registerEmployer" time="41.647"/>
</testsuite> <!-- Ezeas.Tests.NewEmployerRegistration -->
