<?xml version="1.0" encoding="UTF-8"?>
<!-- Generated by org.testng.reporters.JUnitReportReporter -->
<testsuite hostname="Shahbaz" failures="0" tests="1" name="Ezeas.Tests.AddInternalJob" time="58.390" errors="0" timestamp="2025-06-24T18:57:56 IST" skipped="0">
  <testcase classname="Ezeas.Tests.AddInternalJob" name="addNewInternalJob" time="58.390"/>
</testsuite> <!-- Ezeas.Tests.AddInternalJob -->
