<?xml version="1.0" encoding="UTF-8"?>
<!-- Generated by org.testng.reporters.JUnitReportReporter -->
<testsuite hostname="Shahbaz" failures="0" tests="1" name="Ezeas.Tests.RegisterEmployer" time="16.742" errors="0" timestamp="2025-04-23T14:05:03 IST" skipped="0">
  <testcase classname="Ezeas.Tests.RegisterEmployer" name="registerEmployer" time="16.742"/>
</testsuite> <!-- Ezeas.Tests.RegisterEmployer -->
