<?xml version="1.0" encoding="UTF-8"?>
<!-- Generated by org.testng.reporters.JUnitReportReporter -->
<testsuite hostname="Shahbaz" failures="0" tests="1" name="Ezeas.Tests.NewCandidateRegistration" time="36.113" errors="0" timestamp="2025-05-22T17:48:20 IST" skipped="0">
  <testcase classname="Ezeas.Tests.NewCandidateRegistration" name="registerCandidate" time="36.113"/>
</testsuite> <!-- Ezeas.Tests.NewCandidateRegistration -->
