<?xml version="1.0" encoding="UTF-8"?>
<!-- Generated by org.testng.reporters.JUnitReportReporter -->
<testsuite hostname="Shahbaz" failures="0" tests="1" name="Ezeas.Tests.AddOnDemandJob" time="58.282" errors="0" timestamp="2025-05-23T18:38:24 IST" skipped="0">
  <testcase classname="Ezeas.Tests.AddOnDemandJob" name="addNewDemandjob" time="58.282"/>
</testsuite> <!-- Ezeas.Tests.AddOnDemandJob -->
